Logfile initialized
[INFO] logfile = /home/luis/Titanium Studio Workspace/testapp/build.log
[DEBUG] /home/luis/.titanium/mobilesdk/linux/2.1.0.GA/android/builder.py simulator testapp /opt/android-sdk-linux /home/luis/Titanium Studio Workspace/testapp test.app.com 7 QVGA 
[INFO] Building testapp for Android ... one moment
[INFO] Titanium SDK version: 2.1.0 (06/28/12 12:16 6e3cab6)
[DEBUG] Waiting for device to be ready ...
[TRACE] adb devices returned 1 devices/emulators
[DEBUG] Device connected... (waited 0 seconds)
[DEBUG] waited 0.003203 seconds on emulator to get ready
[DEBUG] test.app.com installed? True
[INFO] Fastdev server running, deploying in Fastdev mode
[INFO] Copying CommonJS modules...
[INFO] Copying project resources..
[TRACE] COPYING MODIFIED FILE: /home/luis/Titanium Studio Workspace/testapp/Resources/lib/client.js => /home/luis/Titanium Studio Workspace/testapp/build/android/bin/assets/Resources/lib/client.js
[INFO] Tiapp.xml unchanged, skipping class generation
[DEBUG] Processing Android resource drawables
[DEBUG] found drawable-long-land-hdpi splash screen at /home/luis/Titanium Studio Workspace/testapp/Resources/android/images/res-long-land-hdpi/default.png
[DEBUG] found drawable-notlong-land-hdpi splash screen at /home/luis/Titanium Studio Workspace/testapp/Resources/android/images/res-notlong-land-hdpi/default.png
[DEBUG] found drawable-long-port-hdpi splash screen at /home/luis/Titanium Studio Workspace/testapp/Resources/android/images/res-long-port-hdpi/default.png
[DEBUG] found drawable-notlong-port-hdpi splash screen at /home/luis/Titanium Studio Workspace/testapp/Resources/android/images/res-notlong-port-hdpi/default.png
[DEBUG] found drawable-long-land-ldpi splash screen at /home/luis/Titanium Studio Workspace/testapp/Resources/android/images/res-long-land-ldpi/default.png
[DEBUG] found drawable-long-port-ldpi splash screen at /home/luis/Titanium Studio Workspace/testapp/Resources/android/images/res-long-port-ldpi/default.png
[DEBUG] found drawable-notlong-land-mdpi splash screen at /home/luis/Titanium Studio Workspace/testapp/Resources/android/images/res-notlong-land-mdpi/default.png
[DEBUG] found drawable-notlong-port-ldpi splash screen at /home/luis/Titanium Studio Workspace/testapp/Resources/android/images/res-notlong-port-ldpi/default.png
[DEBUG] found drawable-notlong-land-ldpi splash screen at /home/luis/Titanium Studio Workspace/testapp/Resources/android/images/res-notlong-land-ldpi/default.png
[DEBUG] found drawable-notlong-port-mdpi splash screen at /home/luis/Titanium Studio Workspace/testapp/Resources/android/images/res-notlong-port-mdpi/default.png
[INFO] Waiting for SDCard to become available..
[INFO] Re-launching application ... testapp
[INFO] Launching application ... testapp
[TRACE] Launch output: Starting: Intent { act=android.intent.action.MAIN cat=[android.intent.category.LAUNCHER] cmp=test.app.com/.TestappActivity }
Warning: Activity not started, its current task has been brought to the front

